Reading netlist file: "C:\Users\MAKIM\Downloads\ALU ALam\ALU ALam\impl\gwsynthesis\ALU ALam.vg"
Parsing netlist file "C:\Users\MAKIM\Downloads\ALU ALam\ALU ALam\impl\gwsynthesis\ALU ALam.vg" completed
Processing netlist completed
Reading constraint file: "C:\Users\MAKIM\Downloads\ALU ALam\ALU ALam\src\ALU ALam.cst"
Physical Constraint parsed completed
Running placement......
[10%] Placement Phase 0 completed
[20%] Placement Phase 1 completed
[30%] Placement Phase 2 completed
[50%] Placement Phase 3 completed
Running routing......
[60%] Routing Phase 0 completed
[70%] Routing Phase 1 completed
[80%] Routing Phase 2 completed
[90%] Routing Phase 3 completed
Running timing analysis......
[95%] Timing analysis completed
Placement and routing completed
Bitstream generation in progress......
Bitstream generation completed
Running power analysis......
[100%] Power analysis completed
Generate file "C:\Users\MAKIM\Downloads\ALU ALam\ALU ALam\impl\pnr\ALU ALam.power.html" completed
Generate file "C:\Users\MAKIM\Downloads\ALU ALam\ALU ALam\impl\pnr\ALU ALam.pin.html" completed
Generate file "C:\Users\MAKIM\Downloads\ALU ALam\ALU ALam\impl\pnr\ALU ALam.rpt.html" completed
Generate file "C:\Users\MAKIM\Downloads\ALU ALam\ALU ALam\impl\pnr\ALU ALam.rpt.txt" completed
Generate file "C:\Users\MAKIM\Downloads\ALU ALam\ALU ALam\impl\pnr\ALU ALam.tr.html" completed
Fri Apr  3 18:04:11 2026

